-------------------------------------------------------------------------------
Test set: fi.tuni.prog3.junitorder.newJavaFileNGTest
-------------------------------------------------------------------------------
Tests run: 1, Failures: 1, Errors: 0, Skipped: 0, Time elapsed: 0.28 sec <<< FAILURE!
testMain(fi.tuni.prog3.junitorder.newJavaFileNGTest)  Time elapsed: 0.005 sec  <<< FAILURE!
java.lang.AssertionError: The test case is a prototype.
	at org.testng.Assert.fail(Assert.java:94)
	at fi.tuni.prog3.junitorder.newJavaFileNGTest.testMain(newJavaFileNGTest.java:48)

